<?xml version="1.0" encoding="UTF-8"?>
<!-- Generated by org.testng.reporters.JUnitReportReporter -->
<testsuite hostname="EXO" failures="0" tests="2" name="loanpred.register" time="13.598" errors="0" timestamp="2023-10-21T08:47:48 IST" skipped="0">
  <testcase classname="loanpred.register" name="ValidReg" time="8.142"/>
  <system-out/>
  <testcase classname="loanpred.register" name="ValidLogin" time="5.456"/>
  <system-out/>
</testsuite> <!-- loanpred.register -->
