<?xml version="1.0" encoding="UTF-8"?>
<!-- Generated by org.testng.reporters.JUnitReportReporter -->
<testsuite hostname="LAPTOP-1UVV2VF4" failures="0" tests="2" name="loanpred.loan" time="5.329" errors="0" timestamp="2023-10-18T11:51:22 IST" skipped="0">
  <testcase classname="loanpred.loan" name="InvalidLogin" time="4.253"/>
  <system-out/>
  <testcase classname="loanpred.loan" name="NotRegisterdLink" time="1.076"/>
  <system-out/>
</testsuite> <!-- loanpred.loan -->
