<?xml version="1.0" encoding="UTF-8"?>
<!-- Generated by org.testng.reporters.JUnitReportReporter -->
<testsuite hostname="LAPTOP-1UVV2VF4" failures="0" tests="1" name="loanpred.Predict" time="2.285" errors="0" timestamp="2023-10-15T17:36:31 IST" skipped="0">
  <testcase classname="loanpred.Predict" name="Prediction" time="2.285"/>
  <system-out/>
</testsuite> <!-- loanpred.Predict -->
